2025-01-24 14:35:17:INFO:************* Test01AdminLogin ****************
2025-01-24 14:35:17:INFO:************* verification of admin login page title ****************
2025-01-24 14:35:19:INFO:************* test_invalid_admin_login started ****************
2025-01-24 14:35:19:INFO:************* test_valid_admin_login started ****************
2025-01-24 14:35:20:INFO:************* test_title_verification title matched ****************
2025-01-24 14:35:26:INFO:************* test_invalid_admin_login error messages matched ****************
2025-01-24 14:35:26:INFO:************* Dashboard text found ****************
2025-01-24 14:48:30:INFO:************* Test01AdminLogin ****************
2025-01-24 14:48:30:INFO:************* verification of admin login page title ****************
2025-01-24 14:48:33:INFO:************* test_title_verification title matched ****************
2025-01-24 14:48:34:INFO:************* test_valid_admin_login started ****************
2025-01-24 14:48:40:INFO:************* Dashboard text found ****************
2025-01-24 14:48:42:INFO:************* test_invalid_admin_login started ****************
2025-01-24 14:48:48:INFO:************* test_invalid_admin_login error messages matched ****************
2025-01-24 15:26:51:INFO:************* Test01AdminLogin ****************
2025-01-24 15:26:51:INFO:************* verification of admin login page title ****************
2025-01-24 15:26:53:INFO:************* test_title_verification title matched ****************
2025-01-24 15:26:54:INFO:************* test_valid_admin_login started ****************
2025-01-24 15:26:59:INFO:************* Dashboard text found ****************
2025-01-24 15:27:00:INFO:************* test_invalid_admin_login started ****************
2025-01-24 15:27:06:INFO:************* test_invalid_admin_login error messages matched ****************
2025-01-24 15:35:57:INFO:************* Test01AdminLogin ****************
2025-01-24 15:35:57:INFO:************* verification of admin login page title ****************
2025-01-24 15:35:59:INFO:************* test_title_verification title not matched ****************
2025-01-24 15:36:01:INFO:************* test_valid_admin_login started ****************
2025-01-24 15:36:05:INFO:************* Dashboard text found ****************
2025-01-24 15:36:06:INFO:************* test_invalid_admin_login started ****************
2025-01-24 15:36:12:INFO:************* test_invalid_admin_login error messages matched ****************
2025-01-24 15:36:50:INFO:************* Test01AdminLogin ****************
2025-01-24 15:36:50:INFO:************* verification of admin login page title ****************
2025-01-24 15:36:52:INFO:************* test_title_verification title matched ****************
2025-01-24 15:36:54:INFO:************* test_valid_admin_login started ****************
2025-01-24 15:36:58:INFO:************* Dashboard text found ****************
2025-01-24 15:36:59:INFO:************* test_invalid_admin_login started ****************
2025-01-24 15:37:05:INFO:************* test_invalid_admin_login error messages matched ****************
2025-01-24 15:42:02:INFO:************* Test01AdminLogin ****************
2025-01-24 15:42:02:INFO:************* verification of admin login page title ****************
2025-01-24 15:42:04:INFO:************* test_title_verification title matched ****************
2025-01-24 15:42:06:INFO:************* test_valid_admin_login started ****************
2025-01-24 15:42:09:INFO:************* Dashboard text found ****************
2025-01-24 15:42:11:INFO:************* test_invalid_admin_login started ****************
2025-01-24 15:42:17:INFO:************* test_invalid_admin_login error messages matched ****************
2025-01-26 17:13:35:INFO:************* Test01AdminLogin ****************
2025-01-26 17:13:35:INFO:************* verification of admin login page title ****************
2025-01-26 17:13:37:INFO:************* test_title_verification title matched ****************
2025-01-26 17:13:39:INFO:************* test_valid_admin_login started ****************
2025-01-26 17:13:44:INFO:************* Dashboard text found ****************
2025-01-26 17:13:46:INFO:************* test_invalid_admin_login started ****************
2025-01-26 17:13:52:INFO:************* test_invalid_admin_login error messages matched ****************
2025-01-28 18:09:36:INFO:************* Test01AdminLogin ****************
2025-01-28 18:09:36:INFO:************* verification of admin login page title ****************
2025-01-28 18:09:38:INFO:************* test_title_verification title matched ****************
2025-01-28 18:09:40:INFO:************* test_valid_admin_login started ****************
2025-01-28 18:09:44:INFO:************* Dashboard text found ****************
2025-01-28 18:09:45:INFO:************* test_invalid_admin_login started ****************
2025-01-28 18:09:51:INFO:************* test_invalid_admin_login error messages matched ****************
2025-01-29 18:11:56:INFO:************* Test01AdminLogin ****************
2025-01-29 18:11:56:INFO:************* verification of admin login page title ****************
2025-01-29 18:11:59:INFO:************* test_title_verification title matched ****************
2025-01-29 18:12:00:INFO:************* test_valid_admin_login started ****************
2025-01-29 18:12:06:INFO:************* Dashboard text found ****************
2025-01-29 18:12:07:INFO:************* test_invalid_admin_login started ****************
2025-01-29 18:12:14:INFO:************* test_invalid_admin_login error messages matched ****************
2025-01-31 11:38:39:INFO:************* Test01AdminLogin ****************
2025-01-31 11:38:39:INFO:************* verification of admin login page title ****************
2025-01-31 11:38:41:INFO:************* test_title_verification title matched ****************
2025-01-31 11:38:42:INFO:************* test_valid_admin_login started ****************
2025-01-31 11:38:48:INFO:************* Dashboard text found ****************
2025-01-31 11:38:49:INFO:************* test_invalid_admin_login started ****************
2025-01-31 11:38:55:INFO:************* test_invalid_admin_login error messages matched ****************
2025-01-31 11:39:43:INFO:************* Test01AdminLogin ****************
2025-01-31 11:39:43:INFO:************* verification of admin login page title ****************
2025-01-31 11:39:45:INFO:************* test_title_verification title matched ****************
2025-01-31 11:39:46:INFO:************* test_valid_admin_login started ****************
2025-01-31 11:39:51:INFO:************* Dashboard text found ****************
2025-01-31 11:39:52:INFO:************* test_invalid_admin_login started ****************
2025-01-31 11:39:58:INFO:************* test_invalid_admin_login error messages matched ****************
2025-01-31 13:38:17:INFO:************* Test01AdminLogin ****************
2025-01-31 13:38:17:INFO:************* verification of admin login page title ****************
2025-01-31 13:38:19:INFO:************* test_title_verification title matched ****************
2025-01-31 13:38:21:INFO:************* test_valid_admin_login started ****************
2025-01-31 13:38:25:INFO:************* Dashboard text found ****************
2025-01-31 13:38:27:INFO:************* test_invalid_admin_login started ****************
2025-01-31 13:38:32:INFO:************* test_invalid_admin_login error messages matched ****************
2025-01-31 13:38:58:INFO:************* Test01AdminLogin ****************
2025-01-31 13:38:58:INFO:************* verification of admin login page title ****************
2025-01-31 13:39:01:INFO:************* test_title_verification title matched ****************
2025-01-31 13:39:02:INFO:************* test_valid_admin_login started ****************
2025-01-31 13:39:10:INFO:************* Dashboard text found ****************
2025-01-31 13:39:12:INFO:************* test_invalid_admin_login started ****************
2025-01-31 13:39:22:INFO:************* test_invalid_admin_login error messages matched ****************
2025-01-31 13:45:14:INFO:************* Test01AdminLogin ****************
2025-01-31 13:45:14:INFO:************* verification of admin login page title ****************
2025-01-31 13:45:19:INFO:************* test_title_verification title matched ****************
2025-01-31 13:45:20:INFO:************* test_valid_admin_login started ****************
2025-01-31 13:45:27:INFO:************* Dashboard text found ****************
2025-01-31 13:45:29:INFO:************* test_invalid_admin_login started ****************
2025-01-31 13:45:36:INFO:************* test_invalid_admin_login error messages matched ****************
